<?xml version="1.0" encoding="UTF-8"?>
<!-- Generated by org.testng.reporters.JUnitReportReporter -->
<testsuite name="fr.paris10.miage.procs.calculette.Test.CalculetteTest" tests="1" time="0.089" ignored="0" failures="0" timestamp="25 janv. 2017 16:21:43 GMT" skipped="0" hostname="DESKTOP-BTJRLEK" errors="0">
  <testcase name="testAdditionner" time="0.089" classname="fr.paris10.miage.procs.calculette.Test.CalculetteTest"/>
</testsuite> <!-- fr.paris10.miage.procs.calculette.Test.CalculetteTest -->
